[1545218192] -- 19/12/2018 12:16:32 * Initiating (main,compress)
[1545236103] -- 19/12/2018 17:15:03 * Initiating (main,compress)
[1545236107] -- 19/12/2018 17:15:07 * Initiating (main,compress)
[1545236132] -- 19/12/2018 17:15:32 * Initiating (main,compress)
[1545250009] -- 19/12/2018 21:06:49 * Initiating (main,compress)
[1545250059] -- 19/12/2018 21:07:39 * Initiating (main,compress)
[1545251094] -- 19/12/2018 21:24:54 * Initiating (main,compress)
[1545251110] -- 19/12/2018 21:25:10 * Initiating (main,compress)
[1545251436] -- 19/12/2018 21:30:36 * Initiating (main,compress)
[1545252523] -- 19/12/2018 21:48:43 * Initiating (main,compress)
[1545255765] -- 19/12/2018 22:42:45 * Initiating (main,compress)
[1545255775] -- 19/12/2018 22:42:55 * Initiating (datatrans,convertdb)
[1545256147] -- 19/12/2018 22:49:07 * Initiating (datatrans,convertdb)
[1545256242] -- 19/12/2018 22:50:42 * Initiating (main,compress)
[1545256267] -- 19/12/2018 22:51:07 * Initiating (datatrans,convertdb)
[1545256371] -- 19/12/2018 22:52:51 * Initiating (datatrans,convertdb)
[1545256412] -- 19/12/2018 22:53:32 * Initiating (datatrans,convertdb)
[1545256870] -- 19/12/2018 23:01:10 * Initiating (datatrans,convertdb)
[1545256953] -- 19/12/2018 23:02:33 * Initiating (main,compress)
[1545256989] -- 19/12/2018 23:03:09 * Initiating (main,compress)
[1545258868] -- 19/12/2018 23:34:28 * Initiating (datatrans,convertdb)
[1545258903] -- 19/12/2018 23:35:03 * Initiating (datatrans,convertdb)
[1545258903] -- 19/12/2018 23:35:03 * Finished (datatrans,convertdb)
						This took about 0 seconds, peak mem usage: 2.55 Mb
[1545261669] -- 20/12/2018 00:21:09 * Initiating (datatrans,convertdb)
[1545261728] -- 20/12/2018 00:22:08 * Initiating (datatrans,convertdb)
[1545261777] -- 20/12/2018 00:22:57 * Initiating (datatrans,convertdb)
[1545261777] -- 20/12/2018 00:22:57 * Finished (datatrans,convertdb)
						This took about 0 seconds, peak mem usage: 2.56 Mb
[1545261830] -- 20/12/2018 00:23:50 * Initiating (datatrans,convertdb)
[1545262083] -- 20/12/2018 00:28:03 * Initiating (datatrans,convertdb)
[1545262097] -- 20/12/2018 00:28:17 * Initiating (datatrans,convertdb)
[1545262099] -- 20/12/2018 00:28:19 * Initiating (datatrans,convertdb)
[1545262100] -- 20/12/2018 00:28:20 * Initiating (datatrans,convertdb)
[1545262100] -- 20/12/2018 00:28:20 * Initiating (datatrans,convertdb)
[1545262101] -- 20/12/2018 00:28:21 * Initiating (main,compress)
[1545262101] -- 20/12/2018 00:28:21 * Initiating (main,compress)
[1545262102] -- 20/12/2018 00:28:22 * Initiating (datatrans,convertdb)
[1545262125] -- 20/12/2018 00:28:45 * Initiating (datatrans,convertdb)
[1545262125] -- 20/12/2018 00:28:46 * Finished (datatrans,convertdb)
						This took about 1 seconds, peak mem usage: 2.56 Mb
[1545262254] -- 20/12/2018 00:30:54 * Initiating (datatrans,convertdb)
[1545262254] -- 20/12/2018 00:30:55 * Finished (datatrans,convertdb)
						This took about 1 seconds, peak mem usage: 3.40 Mb
[1545262557] -- 20/12/2018 00:35:57 * Initiating (datatrans,convertdb)
[1545262557] -- 20/12/2018 00:35:57 * Finished (datatrans,convertdb)
						This took about 0 seconds, peak mem usage: 1.63 Mb
[1545262734] -- 20/12/2018 00:38:54 * Initiating (datatrans,convertdb)
[1545262734] -- 20/12/2018 00:38:54 * Finished (datatrans,convertdb)
						This took about 0 seconds, peak mem usage: 1.63 Mb
[1545263082] -- 20/12/2018 00:44:42 * Initiating (datatrans,convertdb)
[1545263082] -- 20/12/2018 00:44:42 * Finished (datatrans,convertdb)
						This took about 0 seconds, peak mem usage: 2.55 Mb
[1545264138] -- 20/12/2018 01:02:18 * Initiating (datatrans,convertdb)
[1545264138] -- 20/12/2018 01:02:18 * Finished (datatrans,convertdb)
						This took about 0 seconds, peak mem usage: 2.55 Mb
[1545264160] -- 20/12/2018 01:02:40 * Initiating (datatrans,convertdb)
[1545264160] -- 20/12/2018 01:02:40 * Finished (datatrans,convertdb)
						This took about 0 seconds, peak mem usage: 2.54 Mb
[1545264171] -- 20/12/2018 01:02:51 * Initiating (datatrans,convertdb)
[1545264171] -- 20/12/2018 01:02:51 * Finished (datatrans,convertdb)
						This took about 0 seconds, peak mem usage: 2.55 Mb
[1545264262] -- 20/12/2018 01:04:22 * Initiating (datatrans,convertdb)
[1545264262] -- 20/12/2018 01:04:22 * Finished (datatrans,convertdb)
						This took about 0 seconds, peak mem usage: 3.39 Mb
[1545348244] -- 21/12/2018 00:24:04 * Initiating (main,compress)
[1545348244] -- 21/12/2018 00:24:04 * Finished (main,compress)
						This took about 0 seconds, peak mem usage: 26.64 Mb
[1545755071] -- 25/12/2018 17:24:31 * Initiating (stream,streamkrimp)
[1545755140] -- 25/12/2018 17:25:40 * Initiating (main,compress)
[1545755140] -- 25/12/2018 17:25:40 * Finished (main,compress)
						This took about 0 seconds, peak mem usage: 51.25 Mb
[1545755169] -- 25/12/2018 17:26:09 * Initiating (stream,streamkrimp)
[1545755394] -- 25/12/2018 17:29:54 * Initiating (stream,streamkrimp)
[1545755403] -- 25/12/2018 17:30:03 * Initiating (stream,streamkrimp)
[1545760094] -- 25/12/2018 18:48:14 * Initiating (stream,streamkrimp)
[1545760099] -- 25/12/2018 18:48:19 * Initiating (stream,streamkrimp)
[1545761624] -- 25/12/2018 19:13:44 * Initiating (stream,streamkrimp)
[1545762670] -- 25/12/2018 19:31:10 * Initiating (stream,streamkrimp)
[1545762882] -- 25/12/2018 19:34:42 * Initiating (stream,streamkrimp)
[1545762998] -- 25/12/2018 19:36:38 * Initiating (stream,streamkrimp)
[1545763112] -- 25/12/2018 19:38:32 * Initiating (stream,streamkrimp)
[1545763239] -- 25/12/2018 19:40:39 * Initiating (stream,streamkrimp)
[1545763239] -- 25/12/2018 19:40:40 * Finished (stream,streamkrimp)
						This took about 1 seconds, peak mem usage: 27.38 Mb
[1545763681] -- 25/12/2018 19:48:01 * Initiating (stream,streamkrimp)
[1545763681] -- 25/12/2018 19:48:01 * Finished (stream,streamkrimp)
						This took about 0 seconds, peak mem usage: 2.77 Mb
[1545763970] -- 25/12/2018 19:52:50 * Initiating (stream,encodestream)
